<?xml version="1.0" encoding="UTF-8"?>
<!-- Generated by org.testng.reporters.JUnitReportReporter -->
<testsuite hostname="LAPTOP-9EGIDOHA" failures="0" tests="1" name="TestRunner.testRunner" time="0.000" errors="0" timestamp="2022-03-04T21:30:26 EST" skipped="1">
  <testcase classname="TestRunner.testRunner" name="feature" time="0.000">
    <skipped/>
  </testcase> <!-- feature -->
  <system-out/>
</testsuite> <!-- TestRunner.testRunner -->
